<?xml version="1.0" encoding="UTF-8"?>
<!-- Generated by org.testng.reporters.JUnitReportReporter -->
<testsuite hostname="DESKTOP-8Q41GAR" failures="0" tests="2" name="test1.tc1" time="0.022" errors="0" timestamp="2022-08-15T18:54:27 IST" skipped="0">
  <testcase classname="test1.tc1" name="a" time="0.008"/>
  <system-out/>
  <testcase classname="test1.tc1" name="f" time="0.014"/>
  <system-out/>
</testsuite> <!-- test1.tc1 -->
